<?xml version="1.0" encoding="UTF-8"?>
<!-- Generated by org.testng.reporters.JUnitReportReporter -->
<testsuite skipped="0" hostname="DESKTOP-UE2E7P7" name="com.training.sanity.tests.RETC_048" tests="1" failures="0" timestamp="12 Sep 2019 11:30:19 GMT" time="50.172" errors="0">
  <testcase name="validPropertiesTest" time="50.172" classname="com.training.sanity.tests.RETC_048"/>
</testsuite> <!-- com.training.sanity.tests.RETC_048 -->
