<?xml version="1.0" encoding="UTF-8"?>
<!-- Generated by org.testng.reporters.JUnitReportReporter -->
<testsuite skipped="0" hostname="DESKTOP-UE2E7P7" name="com.training.sanity.tests.AddNewCategory_RETC_018" tests="1" failures="0" timestamp="04 Sep 2019 08:39:14 GMT" time="33.767" errors="0">
  <testcase name="validLoginTest" time="33.767" classname="com.training.sanity.tests.AddNewCategory_RETC_018"/>
</testsuite> <!-- com.training.sanity.tests.AddNewCategory_RETC_018 -->
