<?xml version="1.0" encoding="UTF-8"?>
<!-- Generated by org.testng.reporters.JUnitReportReporter -->
<testsuite skipped="0" hostname="DESKTOP-UE2E7P7" name="com.training.sanity.tests.RETC_050" tests="1" failures="0" timestamp="12 Sep 2019 11:25:00 GMT" time="52.754" errors="0">
  <testcase name="validPropertiesTest" time="52.754" classname="com.training.sanity.tests.RETC_050"/>
</testsuite> <!-- com.training.sanity.tests.RETC_050 -->
