<?xml version="1.0" encoding="UTF-8"?>
<!-- Generated by org.testng.reporters.JUnitReportReporter -->
<testsuite skipped="0" hostname="DESKTOP-UE2E7P7" name="com.training.sanity.tests.LoginTests" tests="1" failures="0" timestamp="04 Sep 2019 05:02:28 GMT" time="31.061" errors="0">
  <testcase name="validLoginTest" time="31.061" classname="com.training.sanity.tests.LoginTests"/>
</testsuite> <!-- com.training.sanity.tests.LoginTests -->
