<?xml version="1.0" encoding="UTF-8"?>
<!-- Generated by org.testng.reporters.JUnitReportReporter -->
<testsuite skipped="0" hostname="DESKTOP-UE2E7P7" name="com.training.sanity.tests.Publish_RETC_017" tests="1" failures="0" timestamp="06 Sep 2019 12:18:56 GMT" time="37.153" errors="0">
  <testcase name="validPublishTest" time="37.153" classname="com.training.sanity.tests.Publish_RETC_017"/>
</testsuite> <!-- com.training.sanity.tests.Publish_RETC_017 -->
