<?xml version="1.0" encoding="UTF-8"?>
<!-- Generated by org.testng.reporters.JUnitReportReporter -->
<testsuite skipped="0" hostname="DESKTOP-UE2E7P7" name="com.training.sanity.tests.AddNewTag_RETC_020" tests="1" failures="0" timestamp="04 Sep 2019 07:43:58 GMT" time="32.697" errors="0">
  <testcase name="validLoginTest" time="32.697" classname="com.training.sanity.tests.AddNewTag_RETC_020"/>
</testsuite> <!-- com.training.sanity.tests.AddNewTag_RETC_020 -->
